[0508/150103.121:INFO:CONSOLE(7)] "THREE.ColladaLoader: File version 1.4.0", source: file:///C:/Program%20Files/AnyLogic%208.9%20Personal%20Learning%20Edition/plugins/com.anylogic.graphics3d_8.9.8.202602271015/static/init.js (7)
[0508/150103.173:INFO:CONSOLE(13)] "Loaded: file:C:/202444085_Assemble/simulation/To_Be_Model_V5/3d/agv.dae", source: file:///C:/Program%20Files/AnyLogic%208.9%20Personal%20Learning%20Edition/plugins/com.anylogic.graphics3d_8.9.8.202602271015/static/init.js (13)
[0508/150103.190:INFO:CONSOLE(13)] "Loaded: file:C:/202444085_Assemble/simulation/To_Be_Model_V5/3d/agv.dae", source: file:///C:/Program%20Files/AnyLogic%208.9%20Personal%20Learning%20Edition/plugins/com.anylogic.graphics3d_8.9.8.202602271015/static/init.js (13)
[0508/150103.192:INFO:CONSOLE(13)] "ISRGB -10496 false", source: file:///C:/Program%20Files/AnyLogic%208.9%20Personal%20Learning%20Edition/plugins/com.anylogic.graphics3d_8.9.8.202602271015/static/init.js (13)
[0508/150103.481:INFO:CONSOLE(7)] "THREE.ColladaLoader: File version 1.4.0", source: file:///C:/Program%20Files/AnyLogic%208.9%20Personal%20Learning%20Edition/plugins/com.anylogic.graphics3d_8.9.8.202602271015/static/init.js (7)
[0508/150103.483:INFO:CONSOLE(13)] "Loaded: file:C:/202444085_Assemble/simulation/To_Be_Model_V5/3d/box_1_open.dae", source: file:///C:/Program%20Files/AnyLogic%208.9%20Personal%20Learning%20Edition/plugins/com.anylogic.graphics3d_8.9.8.202602271015/static/init.js (13)
[0508/150103.490:INFO:CONSOLE(13)] "Loaded: file:C:/202444085_Assemble/simulation/To_Be_Model_V5/3d/box_1_open.dae", source: file:///C:/Program%20Files/AnyLogic%208.9%20Personal%20Learning%20Edition/plugins/com.anylogic.graphics3d_8.9.8.202602271015/static/init.js (13)
[0508/150259.967:ERROR:gpu_init.cc(523)] Passthrough is not supported, GL is disabled, ANGLE is 
[0508/150649.514:INFO:CONSOLE(7)] "THREE.ColladaLoader: File version 1.4.0", source: file:///C:/Program%20Files/AnyLogic%208.9%20Personal%20Learning%20Edition/plugins/com.anylogic.graphics3d_8.9.8.202602271015/static/init.js (7)
[0508/150649.550:INFO:CONSOLE(13)] "Loaded: file:C:/202444085_Assemble/simulation/To_Be_Model_V5/3d/agv.dae", source: file:///C:/Program%20Files/AnyLogic%208.9%20Personal%20Learning%20Edition/plugins/com.anylogic.graphics3d_8.9.8.202602271015/static/init.js (13)
[0508/150649.556:INFO:CONSOLE(13)] "Loaded: file:C:/202444085_Assemble/simulation/To_Be_Model_V5/3d/agv.dae", source: file:///C:/Program%20Files/AnyLogic%208.9%20Personal%20Learning%20Edition/plugins/com.anylogic.graphics3d_8.9.8.202602271015/static/init.js (13)
[0508/150649.556:INFO:CONSOLE(13)] "ISRGB -10496 false", source: file:///C:/Program%20Files/AnyLogic%208.9%20Personal%20Learning%20Edition/plugins/com.anylogic.graphics3d_8.9.8.202602271015/static/init.js (13)
[0508/150649.726:INFO:CONSOLE(7)] "THREE.ColladaLoader: File version 1.4.0", source: file:///C:/Program%20Files/AnyLogic%208.9%20Personal%20Learning%20Edition/plugins/com.anylogic.graphics3d_8.9.8.202602271015/static/init.js (7)
[0508/150649.729:INFO:CONSOLE(13)] "Loaded: file:C:/202444085_Assemble/simulation/To_Be_Model_V5/3d/box_1_open.dae", source: file:///C:/Program%20Files/AnyLogic%208.9%20Personal%20Learning%20Edition/plugins/com.anylogic.graphics3d_8.9.8.202602271015/static/init.js (13)
[0508/150649.735:INFO:CONSOLE(13)] "Loaded: file:C:/202444085_Assemble/simulation/To_Be_Model_V5/3d/box_1_open.dae", source: file:///C:/Program%20Files/AnyLogic%208.9%20Personal%20Learning%20Edition/plugins/com.anylogic.graphics3d_8.9.8.202602271015/static/init.js (13)
[0508/150847.397:ERROR:gpu_init.cc(523)] Passthrough is not supported, GL is disabled, ANGLE is 
[0508/152430.076:INFO:CONSOLE(7)] "THREE.ColladaLoader: File version 1.4.0", source: file:///C:/Program%20Files/AnyLogic%208.9%20Personal%20Learning%20Edition/plugins/com.anylogic.graphics3d_8.9.8.202602271015/static/init.js (7)
[0508/152430.105:INFO:CONSOLE(13)] "Loaded: file:C:/202444085_Assemble/simulation/To_Be_Model_V5/3d/agv.dae", source: file:///C:/Program%20Files/AnyLogic%208.9%20Personal%20Learning%20Edition/plugins/com.anylogic.graphics3d_8.9.8.202602271015/static/init.js (13)
[0508/152430.112:INFO:CONSOLE(13)] "Loaded: file:C:/202444085_Assemble/simulation/To_Be_Model_V5/3d/agv.dae", source: file:///C:/Program%20Files/AnyLogic%208.9%20Personal%20Learning%20Edition/plugins/com.anylogic.graphics3d_8.9.8.202602271015/static/init.js (13)
[0508/152430.112:INFO:CONSOLE(13)] "ISRGB -10496 false", source: file:///C:/Program%20Files/AnyLogic%208.9%20Personal%20Learning%20Edition/plugins/com.anylogic.graphics3d_8.9.8.202602271015/static/init.js (13)
[0508/152430.308:INFO:CONSOLE(7)] "THREE.ColladaLoader: File version 1.4.0", source: file:///C:/Program%20Files/AnyLogic%208.9%20Personal%20Learning%20Edition/plugins/com.anylogic.graphics3d_8.9.8.202602271015/static/init.js (7)
[0508/152430.310:INFO:CONSOLE(13)] "Loaded: file:C:/202444085_Assemble/simulation/To_Be_Model_V5/3d/box_1_open.dae", source: file:///C:/Program%20Files/AnyLogic%208.9%20Personal%20Learning%20Edition/plugins/com.anylogic.graphics3d_8.9.8.202602271015/static/init.js (13)
[0508/152430.316:INFO:CONSOLE(13)] "Loaded: file:C:/202444085_Assemble/simulation/To_Be_Model_V5/3d/box_1_open.dae", source: file:///C:/Program%20Files/AnyLogic%208.9%20Personal%20Learning%20Edition/plugins/com.anylogic.graphics3d_8.9.8.202602271015/static/init.js (13)
[0508/152628.652:ERROR:gpu_init.cc(523)] Passthrough is not supported, GL is disabled, ANGLE is 
[0513/133715.733:INFO:CONSOLE(7)] "THREE.ColladaLoader: File version 1.4.0", source: file:///C:/Program%20Files/AnyLogic%208.9%20Personal%20Learning%20Edition/plugins/com.anylogic.graphics3d_8.9.8.202602271015/static/init.js (7)
[0513/133715.817:INFO:CONSOLE(13)] "Loaded: file:C:/202444085_Assemble/simulation/To_Be_Model_V5/3d/agv.dae", source: file:///C:/Program%20Files/AnyLogic%208.9%20Personal%20Learning%20Edition/plugins/com.anylogic.graphics3d_8.9.8.202602271015/static/init.js (13)
[0513/133715.834:INFO:CONSOLE(13)] "Loaded: file:C:/202444085_Assemble/simulation/To_Be_Model_V5/3d/agv.dae", source: file:///C:/Program%20Files/AnyLogic%208.9%20Personal%20Learning%20Edition/plugins/com.anylogic.graphics3d_8.9.8.202602271015/static/init.js (13)
[0513/133715.836:INFO:CONSOLE(13)] "ISRGB -10496 false", source: file:///C:/Program%20Files/AnyLogic%208.9%20Personal%20Learning%20Edition/plugins/com.anylogic.graphics3d_8.9.8.202602271015/static/init.js (13)
[0513/133716.269:INFO:CONSOLE(7)] "THREE.ColladaLoader: File version 1.4.0", source: file:///C:/Program%20Files/AnyLogic%208.9%20Personal%20Learning%20Edition/plugins/com.anylogic.graphics3d_8.9.8.202602271015/static/init.js (7)
[0513/133716.290:INFO:CONSOLE(13)] "Loaded: file:C:/202444085_Assemble/simulation/To_Be_Model_V5/3d/box_1_open.dae", source: file:///C:/Program%20Files/AnyLogic%208.9%20Personal%20Learning%20Edition/plugins/com.anylogic.graphics3d_8.9.8.202602271015/static/init.js (13)
[0513/133716.317:INFO:CONSOLE(13)] "Loaded: file:C:/202444085_Assemble/simulation/To_Be_Model_V5/3d/box_1_open.dae", source: file:///C:/Program%20Files/AnyLogic%208.9%20Personal%20Learning%20Edition/plugins/com.anylogic.graphics3d_8.9.8.202602271015/static/init.js (13)
[0513/133909.857:ERROR:gpu_init.cc(523)] Passthrough is not supported, GL is disabled, ANGLE is 
[0515/154247.219:INFO:CONSOLE(7)] "THREE.ColladaLoader: File version 1.4.0", source: file:///C:/Program%20Files/AnyLogic%208.9%20Personal%20Learning%20Edition/plugins/com.anylogic.graphics3d_8.9.8.202602271015/static/init.js (7)
[0515/154247.253:INFO:CONSOLE(13)] "Loaded: file:C:/202444085_Assemble/simulation/To_Be_Model_V6/3d/agv.dae", source: file:///C:/Program%20Files/AnyLogic%208.9%20Personal%20Learning%20Edition/plugins/com.anylogic.graphics3d_8.9.8.202602271015/static/init.js (13)
[0515/154247.263:INFO:CONSOLE(13)] "Loaded: file:C:/202444085_Assemble/simulation/To_Be_Model_V6/3d/agv.dae", source: file:///C:/Program%20Files/AnyLogic%208.9%20Personal%20Learning%20Edition/plugins/com.anylogic.graphics3d_8.9.8.202602271015/static/init.js (13)
[0515/154247.263:INFO:CONSOLE(13)] "ISRGB -10496 false", source: file:///C:/Program%20Files/AnyLogic%208.9%20Personal%20Learning%20Edition/plugins/com.anylogic.graphics3d_8.9.8.202602271015/static/init.js (13)
[0515/154247.467:INFO:CONSOLE(7)] "THREE.ColladaLoader: File version 1.4.0", source: file:///C:/Program%20Files/AnyLogic%208.9%20Personal%20Learning%20Edition/plugins/com.anylogic.graphics3d_8.9.8.202602271015/static/init.js (7)
[0515/154247.469:INFO:CONSOLE(13)] "Loaded: file:C:/202444085_Assemble/simulation/To_Be_Model_V6/3d/box_1_open.dae", source: file:///C:/Program%20Files/AnyLogic%208.9%20Personal%20Learning%20Edition/plugins/com.anylogic.graphics3d_8.9.8.202602271015/static/init.js (13)
[0515/154247.475:INFO:CONSOLE(13)] "Loaded: file:C:/202444085_Assemble/simulation/To_Be_Model_V6/3d/box_1_open.dae", source: file:///C:/Program%20Files/AnyLogic%208.9%20Personal%20Learning%20Edition/plugins/com.anylogic.graphics3d_8.9.8.202602271015/static/init.js (13)
[0515/154445.309:ERROR:gpu_init.cc(523)] Passthrough is not supported, GL is disabled, ANGLE is 
[0515/162412.552:INFO:CONSOLE(7)] "THREE.ColladaLoader: File version 1.4.0", source: file:///C:/Program%20Files/AnyLogic%208.9%20Personal%20Learning%20Edition/plugins/com.anylogic.graphics3d_8.9.8.202602271015/static/init.js (7)
[0515/162412.589:INFO:CONSOLE(13)] "Loaded: file:C:/202444085_Assemble/simulation/To_Be_Model_V6/3d/agv.dae", source: file:///C:/Program%20Files/AnyLogic%208.9%20Personal%20Learning%20Edition/plugins/com.anylogic.graphics3d_8.9.8.202602271015/static/init.js (13)
[0515/162412.596:INFO:CONSOLE(13)] "Loaded: file:C:/202444085_Assemble/simulation/To_Be_Model_V6/3d/agv.dae", source: file:///C:/Program%20Files/AnyLogic%208.9%20Personal%20Learning%20Edition/plugins/com.anylogic.graphics3d_8.9.8.202602271015/static/init.js (13)
[0515/162412.596:INFO:CONSOLE(13)] "ISRGB -10496 false", source: file:///C:/Program%20Files/AnyLogic%208.9%20Personal%20Learning%20Edition/plugins/com.anylogic.graphics3d_8.9.8.202602271015/static/init.js (13)
[0515/162412.792:INFO:CONSOLE(7)] "THREE.ColladaLoader: File version 1.4.0", source: file:///C:/Program%20Files/AnyLogic%208.9%20Personal%20Learning%20Edition/plugins/com.anylogic.graphics3d_8.9.8.202602271015/static/init.js (7)
[0515/162412.794:INFO:CONSOLE(13)] "Loaded: file:C:/202444085_Assemble/simulation/To_Be_Model_V6/3d/box_1_open.dae", source: file:///C:/Program%20Files/AnyLogic%208.9%20Personal%20Learning%20Edition/plugins/com.anylogic.graphics3d_8.9.8.202602271015/static/init.js (13)
[0515/162412.801:INFO:CONSOLE(13)] "Loaded: file:C:/202444085_Assemble/simulation/To_Be_Model_V6/3d/box_1_open.dae", source: file:///C:/Program%20Files/AnyLogic%208.9%20Personal%20Learning%20Edition/plugins/com.anylogic.graphics3d_8.9.8.202602271015/static/init.js (13)
[0515/162610.205:ERROR:gpu_init.cc(523)] Passthrough is not supported, GL is disabled, ANGLE is 
[0515/185717.379:INFO:CONSOLE(7)] "THREE.ColladaLoader: File version 1.4.0", source: file:///C:/Program%20Files/AnyLogic%208.9%20Personal%20Learning%20Edition/plugins/com.anylogic.graphics3d_8.9.8.202602271015/static/init.js (7)
[0515/185717.409:INFO:CONSOLE(13)] "Loaded: file:C:/202444085_Assemble/simulation/To_Be_Model_V6/3d/agv.dae", source: file:///C:/Program%20Files/AnyLogic%208.9%20Personal%20Learning%20Edition/plugins/com.anylogic.graphics3d_8.9.8.202602271015/static/init.js (13)
[0515/185717.417:INFO:CONSOLE(13)] "Loaded: file:C:/202444085_Assemble/simulation/To_Be_Model_V6/3d/agv.dae", source: file:///C:/Program%20Files/AnyLogic%208.9%20Personal%20Learning%20Edition/plugins/com.anylogic.graphics3d_8.9.8.202602271015/static/init.js (13)
[0515/185717.417:INFO:CONSOLE(13)] "ISRGB -10496 false", source: file:///C:/Program%20Files/AnyLogic%208.9%20Personal%20Learning%20Edition/plugins/com.anylogic.graphics3d_8.9.8.202602271015/static/init.js (13)
[0515/185717.646:INFO:CONSOLE(7)] "THREE.ColladaLoader: File version 1.4.0", source: file:///C:/Program%20Files/AnyLogic%208.9%20Personal%20Learning%20Edition/plugins/com.anylogic.graphics3d_8.9.8.202602271015/static/init.js (7)
[0515/185717.651:INFO:CONSOLE(13)] "Loaded: file:C:/202444085_Assemble/simulation/To_Be_Model_V6/3d/box_1_open.dae", source: file:///C:/Program%20Files/AnyLogic%208.9%20Personal%20Learning%20Edition/plugins/com.anylogic.graphics3d_8.9.8.202602271015/static/init.js (13)
[0515/185717.658:INFO:CONSOLE(13)] "Loaded: file:C:/202444085_Assemble/simulation/To_Be_Model_V6/3d/box_1_open.dae", source: file:///C:/Program%20Files/AnyLogic%208.9%20Personal%20Learning%20Edition/plugins/com.anylogic.graphics3d_8.9.8.202602271015/static/init.js (13)
[0515/185915.719:ERROR:gpu_init.cc(523)] Passthrough is not supported, GL is disabled, ANGLE is 
[0515/223035.431:INFO:CONSOLE(7)] "THREE.ColladaLoader: File version 1.4.0", source: file:///C:/Program%20Files/AnyLogic%208.9%20Personal%20Learning%20Edition/plugins/com.anylogic.graphics3d_8.9.8.202602271015/static/init.js (7)
[0515/223035.460:INFO:CONSOLE(13)] "Loaded: file:C:/202444085_Assemble/simulation/To_Be_Model_V6/3d/agv.dae", source: file:///C:/Program%20Files/AnyLogic%208.9%20Personal%20Learning%20Edition/plugins/com.anylogic.graphics3d_8.9.8.202602271015/static/init.js (13)
[0515/223035.468:INFO:CONSOLE(13)] "Loaded: file:C:/202444085_Assemble/simulation/To_Be_Model_V6/3d/agv.dae", source: file:///C:/Program%20Files/AnyLogic%208.9%20Personal%20Learning%20Edition/plugins/com.anylogic.graphics3d_8.9.8.202602271015/static/init.js (13)
[0515/223035.468:INFO:CONSOLE(13)] "ISRGB -10496 false", source: file:///C:/Program%20Files/AnyLogic%208.9%20Personal%20Learning%20Edition/plugins/com.anylogic.graphics3d_8.9.8.202602271015/static/init.js (13)
[0515/223035.662:INFO:CONSOLE(7)] "THREE.ColladaLoader: File version 1.4.0", source: file:///C:/Program%20Files/AnyLogic%208.9%20Personal%20Learning%20Edition/plugins/com.anylogic.graphics3d_8.9.8.202602271015/static/init.js (7)
[0515/223035.664:INFO:CONSOLE(13)] "Loaded: file:C:/202444085_Assemble/simulation/To_Be_Model_V6/3d/box_1_open.dae", source: file:///C:/Program%20Files/AnyLogic%208.9%20Personal%20Learning%20Edition/plugins/com.anylogic.graphics3d_8.9.8.202602271015/static/init.js (13)
[0515/223035.670:INFO:CONSOLE(13)] "Loaded: file:C:/202444085_Assemble/simulation/To_Be_Model_V6/3d/box_1_open.dae", source: file:///C:/Program%20Files/AnyLogic%208.9%20Personal%20Learning%20Edition/plugins/com.anylogic.graphics3d_8.9.8.202602271015/static/init.js (13)
[0515/223233.130:ERROR:gpu_init.cc(523)] Passthrough is not supported, GL is disabled, ANGLE is 
[0516/150408.321:INFO:CONSOLE(7)] "THREE.ColladaLoader: File version 1.4.0", source: file:///C:/Program%20Files/AnyLogic%208.9%20Personal%20Learning%20Edition/plugins/com.anylogic.graphics3d_8.9.8.202602271015/static/init.js (7)
[0516/150408.358:INFO:CONSOLE(13)] "Loaded: file:C:/202444085_Assemble/simulation/To_Be_Model_V6/3d/agv.dae", source: file:///C:/Program%20Files/AnyLogic%208.9%20Personal%20Learning%20Edition/plugins/com.anylogic.graphics3d_8.9.8.202602271015/static/init.js (13)
[0516/150408.366:INFO:CONSOLE(13)] "Loaded: file:C:/202444085_Assemble/simulation/To_Be_Model_V6/3d/agv.dae", source: file:///C:/Program%20Files/AnyLogic%208.9%20Personal%20Learning%20Edition/plugins/com.anylogic.graphics3d_8.9.8.202602271015/static/init.js (13)
[0516/150408.366:INFO:CONSOLE(13)] "ISRGB -10496 false", source: file:///C:/Program%20Files/AnyLogic%208.9%20Personal%20Learning%20Edition/plugins/com.anylogic.graphics3d_8.9.8.202602271015/static/init.js (13)
[0516/150408.573:INFO:CONSOLE(7)] "THREE.ColladaLoader: File version 1.4.0", source: file:///C:/Program%20Files/AnyLogic%208.9%20Personal%20Learning%20Edition/plugins/com.anylogic.graphics3d_8.9.8.202602271015/static/init.js (7)
[0516/150408.576:INFO:CONSOLE(13)] "Loaded: file:C:/202444085_Assemble/simulation/To_Be_Model_V6/3d/box_1_open.dae", source: file:///C:/Program%20Files/AnyLogic%208.9%20Personal%20Learning%20Edition/plugins/com.anylogic.graphics3d_8.9.8.202602271015/static/init.js (13)
[0516/150408.582:INFO:CONSOLE(13)] "Loaded: file:C:/202444085_Assemble/simulation/To_Be_Model_V6/3d/box_1_open.dae", source: file:///C:/Program%20Files/AnyLogic%208.9%20Personal%20Learning%20Edition/plugins/com.anylogic.graphics3d_8.9.8.202602271015/static/init.js (13)
[0516/173740.381:ERROR:gpu_init.cc(523)] Passthrough is not supported, GL is disabled, ANGLE is 
[0516/173746.070:WARNING:dns_config_service_win.cc(583)] Failed to read DnsConfig.
[0516/193727.150:INFO:CONSOLE(7)] "THREE.ColladaLoader: File version 1.4.0", source: file:///C:/Program%20Files/AnyLogic%208.9%20Personal%20Learning%20Edition/plugins/com.anylogic.graphics3d_8.9.8.202602271015/static/init.js (7)
[0516/193727.190:INFO:CONSOLE(13)] "Loaded: file:C:/202444085_Assemble/simulation/To_Be_Model_V6/3d/agv.dae", source: file:///C:/Program%20Files/AnyLogic%208.9%20Personal%20Learning%20Edition/plugins/com.anylogic.graphics3d_8.9.8.202602271015/static/init.js (13)
[0516/193727.202:INFO:CONSOLE(13)] "Loaded: file:C:/202444085_Assemble/simulation/To_Be_Model_V6/3d/agv.dae", source: file:///C:/Program%20Files/AnyLogic%208.9%20Personal%20Learning%20Edition/plugins/com.anylogic.graphics3d_8.9.8.202602271015/static/init.js (13)
[0516/193727.203:INFO:CONSOLE(13)] "ISRGB -10496 false", source: file:///C:/Program%20Files/AnyLogic%208.9%20Personal%20Learning%20Edition/plugins/com.anylogic.graphics3d_8.9.8.202602271015/static/init.js (13)
[0516/193727.994:INFO:CONSOLE(7)] "THREE.ColladaLoader: File version 1.4.0", source: file:///C:/Program%20Files/AnyLogic%208.9%20Personal%20Learning%20Edition/plugins/com.anylogic.graphics3d_8.9.8.202602271015/static/init.js (7)
[0516/193727.996:INFO:CONSOLE(13)] "Loaded: file:C:/202444085_Assemble/simulation/To_Be_Model_V6/3d/box_1_open.dae", source: file:///C:/Program%20Files/AnyLogic%208.9%20Personal%20Learning%20Edition/plugins/com.anylogic.graphics3d_8.9.8.202602271015/static/init.js (13)
[0516/193728.001:INFO:CONSOLE(13)] "Loaded: file:C:/202444085_Assemble/simulation/To_Be_Model_V6/3d/box_1_open.dae", source: file:///C:/Program%20Files/AnyLogic%208.9%20Personal%20Learning%20Edition/plugins/com.anylogic.graphics3d_8.9.8.202602271015/static/init.js (13)
[0516/193924.848:ERROR:gpu_init.cc(523)] Passthrough is not supported, GL is disabled, ANGLE is 
[0516/194958.088:INFO:CONSOLE(7)] "THREE.ColladaLoader: File version 1.4.0", source: file:///C:/Program%20Files/AnyLogic%208.9%20Personal%20Learning%20Edition/plugins/com.anylogic.graphics3d_8.9.8.202602271015/static/init.js (7)
[0516/194958.114:INFO:CONSOLE(13)] "Loaded: file:C:/202444085_Assemble/simulation/To_Be_Model_V6/3d/agv.dae", source: file:///C:/Program%20Files/AnyLogic%208.9%20Personal%20Learning%20Edition/plugins/com.anylogic.graphics3d_8.9.8.202602271015/static/init.js (13)
[0516/194958.122:INFO:CONSOLE(13)] "Loaded: file:C:/202444085_Assemble/simulation/To_Be_Model_V6/3d/agv.dae", source: file:///C:/Program%20Files/AnyLogic%208.9%20Personal%20Learning%20Edition/plugins/com.anylogic.graphics3d_8.9.8.202602271015/static/init.js (13)
[0516/194958.122:INFO:CONSOLE(13)] "ISRGB -10496 false", source: file:///C:/Program%20Files/AnyLogic%208.9%20Personal%20Learning%20Edition/plugins/com.anylogic.graphics3d_8.9.8.202602271015/static/init.js (13)
[0516/194958.313:INFO:CONSOLE(7)] "THREE.ColladaLoader: File version 1.4.0", source: file:///C:/Program%20Files/AnyLogic%208.9%20Personal%20Learning%20Edition/plugins/com.anylogic.graphics3d_8.9.8.202602271015/static/init.js (7)
[0516/194958.315:INFO:CONSOLE(13)] "Loaded: file:C:/202444085_Assemble/simulation/To_Be_Model_V6/3d/box_1_open.dae", source: file:///C:/Program%20Files/AnyLogic%208.9%20Personal%20Learning%20Edition/plugins/com.anylogic.graphics3d_8.9.8.202602271015/static/init.js (13)
[0516/194958.322:INFO:CONSOLE(13)] "Loaded: file:C:/202444085_Assemble/simulation/To_Be_Model_V6/3d/box_1_open.dae", source: file:///C:/Program%20Files/AnyLogic%208.9%20Personal%20Learning%20Edition/plugins/com.anylogic.graphics3d_8.9.8.202602271015/static/init.js (13)
[0516/195156.652:ERROR:gpu_init.cc(523)] Passthrough is not supported, GL is disabled, ANGLE is 
[0516/203403.420:INFO:CONSOLE(7)] "THREE.ColladaLoader: File version 1.4.0", source: file:///C:/Program%20Files/AnyLogic%208.9%20Personal%20Learning%20Edition/plugins/com.anylogic.graphics3d_8.9.8.202602271015/static/init.js (7)
[0516/203403.452:INFO:CONSOLE(13)] "Loaded: file:C:/202444085_Assemble/simulation/To_Be_Model_V6/3d/agv.dae", source: file:///C:/Program%20Files/AnyLogic%208.9%20Personal%20Learning%20Edition/plugins/com.anylogic.graphics3d_8.9.8.202602271015/static/init.js (13)
[0516/203403.458:INFO:CONSOLE(13)] "Loaded: file:C:/202444085_Assemble/simulation/To_Be_Model_V6/3d/agv.dae", source: file:///C:/Program%20Files/AnyLogic%208.9%20Personal%20Learning%20Edition/plugins/com.anylogic.graphics3d_8.9.8.202602271015/static/init.js (13)
[0516/203403.458:INFO:CONSOLE(13)] "ISRGB -10496 false", source: file:///C:/Program%20Files/AnyLogic%208.9%20Personal%20Learning%20Edition/plugins/com.anylogic.graphics3d_8.9.8.202602271015/static/init.js (13)
[0516/203403.616:INFO:CONSOLE(7)] "THREE.ColladaLoader: File version 1.4.0", source: file:///C:/Program%20Files/AnyLogic%208.9%20Personal%20Learning%20Edition/plugins/com.anylogic.graphics3d_8.9.8.202602271015/static/init.js (7)
[0516/203403.619:INFO:CONSOLE(13)] "Loaded: file:C:/202444085_Assemble/simulation/To_Be_Model_V6/3d/box_1_open.dae", source: file:///C:/Program%20Files/AnyLogic%208.9%20Personal%20Learning%20Edition/plugins/com.anylogic.graphics3d_8.9.8.202602271015/static/init.js (13)
[0516/203403.626:INFO:CONSOLE(13)] "Loaded: file:C:/202444085_Assemble/simulation/To_Be_Model_V6/3d/box_1_open.dae", source: file:///C:/Program%20Files/AnyLogic%208.9%20Personal%20Learning%20Edition/plugins/com.anylogic.graphics3d_8.9.8.202602271015/static/init.js (13)
[0516/203601.236:ERROR:gpu_init.cc(523)] Passthrough is not supported, GL is disabled, ANGLE is 
