[0508/150103.121:INFO:CONSOLE(7)] "THREE.ColladaLoader: File version 1.4.0", source: file:///C:/Program%20Files/AnyLogic%208.9%20Personal%20Learning%20Edition/plugins/com.anylogic.graphics3d_8.9.8.202602271015/static/init.js (7)
[0508/150103.173:INFO:CONSOLE(13)] "Loaded: file:C:/202444085_Assemble/simulation/To_Be_Model_V5/3d/agv.dae", source: file:///C:/Program%20Files/AnyLogic%208.9%20Personal%20Learning%20Edition/plugins/com.anylogic.graphics3d_8.9.8.202602271015/static/init.js (13)
[0508/150103.190:INFO:CONSOLE(13)] "Loaded: file:C:/202444085_Assemble/simulation/To_Be_Model_V5/3d/agv.dae", source: file:///C:/Program%20Files/AnyLogic%208.9%20Personal%20Learning%20Edition/plugins/com.anylogic.graphics3d_8.9.8.202602271015/static/init.js (13)
[0508/150103.192:INFO:CONSOLE(13)] "ISRGB -10496 false", source: file:///C:/Program%20Files/AnyLogic%208.9%20Personal%20Learning%20Edition/plugins/com.anylogic.graphics3d_8.9.8.202602271015/static/init.js (13)
[0508/150103.481:INFO:CONSOLE(7)] "THREE.ColladaLoader: File version 1.4.0", source: file:///C:/Program%20Files/AnyLogic%208.9%20Personal%20Learning%20Edition/plugins/com.anylogic.graphics3d_8.9.8.202602271015/static/init.js (7)
[0508/150103.483:INFO:CONSOLE(13)] "Loaded: file:C:/202444085_Assemble/simulation/To_Be_Model_V5/3d/box_1_open.dae", source: file:///C:/Program%20Files/AnyLogic%208.9%20Personal%20Learning%20Edition/plugins/com.anylogic.graphics3d_8.9.8.202602271015/static/init.js (13)
[0508/150103.490:INFO:CONSOLE(13)] "Loaded: file:C:/202444085_Assemble/simulation/To_Be_Model_V5/3d/box_1_open.dae", source: file:///C:/Program%20Files/AnyLogic%208.9%20Personal%20Learning%20Edition/plugins/com.anylogic.graphics3d_8.9.8.202602271015/static/init.js (13)
[0508/150259.967:ERROR:gpu_init.cc(523)] Passthrough is not supported, GL is disabled, ANGLE is 
[0508/150649.514:INFO:CONSOLE(7)] "THREE.ColladaLoader: File version 1.4.0", source: file:///C:/Program%20Files/AnyLogic%208.9%20Personal%20Learning%20Edition/plugins/com.anylogic.graphics3d_8.9.8.202602271015/static/init.js (7)
[0508/150649.550:INFO:CONSOLE(13)] "Loaded: file:C:/202444085_Assemble/simulation/To_Be_Model_V5/3d/agv.dae", source: file:///C:/Program%20Files/AnyLogic%208.9%20Personal%20Learning%20Edition/plugins/com.anylogic.graphics3d_8.9.8.202602271015/static/init.js (13)
[0508/150649.556:INFO:CONSOLE(13)] "Loaded: file:C:/202444085_Assemble/simulation/To_Be_Model_V5/3d/agv.dae", source: file:///C:/Program%20Files/AnyLogic%208.9%20Personal%20Learning%20Edition/plugins/com.anylogic.graphics3d_8.9.8.202602271015/static/init.js (13)
[0508/150649.556:INFO:CONSOLE(13)] "ISRGB -10496 false", source: file:///C:/Program%20Files/AnyLogic%208.9%20Personal%20Learning%20Edition/plugins/com.anylogic.graphics3d_8.9.8.202602271015/static/init.js (13)
[0508/150649.726:INFO:CONSOLE(7)] "THREE.ColladaLoader: File version 1.4.0", source: file:///C:/Program%20Files/AnyLogic%208.9%20Personal%20Learning%20Edition/plugins/com.anylogic.graphics3d_8.9.8.202602271015/static/init.js (7)
[0508/150649.729:INFO:CONSOLE(13)] "Loaded: file:C:/202444085_Assemble/simulation/To_Be_Model_V5/3d/box_1_open.dae", source: file:///C:/Program%20Files/AnyLogic%208.9%20Personal%20Learning%20Edition/plugins/com.anylogic.graphics3d_8.9.8.202602271015/static/init.js (13)
[0508/150649.735:INFO:CONSOLE(13)] "Loaded: file:C:/202444085_Assemble/simulation/To_Be_Model_V5/3d/box_1_open.dae", source: file:///C:/Program%20Files/AnyLogic%208.9%20Personal%20Learning%20Edition/plugins/com.anylogic.graphics3d_8.9.8.202602271015/static/init.js (13)
[0508/150847.397:ERROR:gpu_init.cc(523)] Passthrough is not supported, GL is disabled, ANGLE is 
[0508/152430.076:INFO:CONSOLE(7)] "THREE.ColladaLoader: File version 1.4.0", source: file:///C:/Program%20Files/AnyLogic%208.9%20Personal%20Learning%20Edition/plugins/com.anylogic.graphics3d_8.9.8.202602271015/static/init.js (7)
[0508/152430.105:INFO:CONSOLE(13)] "Loaded: file:C:/202444085_Assemble/simulation/To_Be_Model_V5/3d/agv.dae", source: file:///C:/Program%20Files/AnyLogic%208.9%20Personal%20Learning%20Edition/plugins/com.anylogic.graphics3d_8.9.8.202602271015/static/init.js (13)
[0508/152430.112:INFO:CONSOLE(13)] "Loaded: file:C:/202444085_Assemble/simulation/To_Be_Model_V5/3d/agv.dae", source: file:///C:/Program%20Files/AnyLogic%208.9%20Personal%20Learning%20Edition/plugins/com.anylogic.graphics3d_8.9.8.202602271015/static/init.js (13)
[0508/152430.112:INFO:CONSOLE(13)] "ISRGB -10496 false", source: file:///C:/Program%20Files/AnyLogic%208.9%20Personal%20Learning%20Edition/plugins/com.anylogic.graphics3d_8.9.8.202602271015/static/init.js (13)
[0508/152430.308:INFO:CONSOLE(7)] "THREE.ColladaLoader: File version 1.4.0", source: file:///C:/Program%20Files/AnyLogic%208.9%20Personal%20Learning%20Edition/plugins/com.anylogic.graphics3d_8.9.8.202602271015/static/init.js (7)
[0508/152430.310:INFO:CONSOLE(13)] "Loaded: file:C:/202444085_Assemble/simulation/To_Be_Model_V5/3d/box_1_open.dae", source: file:///C:/Program%20Files/AnyLogic%208.9%20Personal%20Learning%20Edition/plugins/com.anylogic.graphics3d_8.9.8.202602271015/static/init.js (13)
[0508/152430.316:INFO:CONSOLE(13)] "Loaded: file:C:/202444085_Assemble/simulation/To_Be_Model_V5/3d/box_1_open.dae", source: file:///C:/Program%20Files/AnyLogic%208.9%20Personal%20Learning%20Edition/plugins/com.anylogic.graphics3d_8.9.8.202602271015/static/init.js (13)
[0508/152628.652:ERROR:gpu_init.cc(523)] Passthrough is not supported, GL is disabled, ANGLE is 
[0513/133715.733:INFO:CONSOLE(7)] "THREE.ColladaLoader: File version 1.4.0", source: file:///C:/Program%20Files/AnyLogic%208.9%20Personal%20Learning%20Edition/plugins/com.anylogic.graphics3d_8.9.8.202602271015/static/init.js (7)
[0513/133715.817:INFO:CONSOLE(13)] "Loaded: file:C:/202444085_Assemble/simulation/To_Be_Model_V5/3d/agv.dae", source: file:///C:/Program%20Files/AnyLogic%208.9%20Personal%20Learning%20Edition/plugins/com.anylogic.graphics3d_8.9.8.202602271015/static/init.js (13)
[0513/133715.834:INFO:CONSOLE(13)] "Loaded: file:C:/202444085_Assemble/simulation/To_Be_Model_V5/3d/agv.dae", source: file:///C:/Program%20Files/AnyLogic%208.9%20Personal%20Learning%20Edition/plugins/com.anylogic.graphics3d_8.9.8.202602271015/static/init.js (13)
[0513/133715.836:INFO:CONSOLE(13)] "ISRGB -10496 false", source: file:///C:/Program%20Files/AnyLogic%208.9%20Personal%20Learning%20Edition/plugins/com.anylogic.graphics3d_8.9.8.202602271015/static/init.js (13)
[0513/133716.269:INFO:CONSOLE(7)] "THREE.ColladaLoader: File version 1.4.0", source: file:///C:/Program%20Files/AnyLogic%208.9%20Personal%20Learning%20Edition/plugins/com.anylogic.graphics3d_8.9.8.202602271015/static/init.js (7)
[0513/133716.290:INFO:CONSOLE(13)] "Loaded: file:C:/202444085_Assemble/simulation/To_Be_Model_V5/3d/box_1_open.dae", source: file:///C:/Program%20Files/AnyLogic%208.9%20Personal%20Learning%20Edition/plugins/com.anylogic.graphics3d_8.9.8.202602271015/static/init.js (13)
[0513/133716.317:INFO:CONSOLE(13)] "Loaded: file:C:/202444085_Assemble/simulation/To_Be_Model_V5/3d/box_1_open.dae", source: file:///C:/Program%20Files/AnyLogic%208.9%20Personal%20Learning%20Edition/plugins/com.anylogic.graphics3d_8.9.8.202602271015/static/init.js (13)
[0513/133909.857:ERROR:gpu_init.cc(523)] Passthrough is not supported, GL is disabled, ANGLE is 
[0515/154247.219:INFO:CONSOLE(7)] "THREE.ColladaLoader: File version 1.4.0", source: file:///C:/Program%20Files/AnyLogic%208.9%20Personal%20Learning%20Edition/plugins/com.anylogic.graphics3d_8.9.8.202602271015/static/init.js (7)
[0515/154247.253:INFO:CONSOLE(13)] "Loaded: file:C:/202444085_Assemble/simulation/To_Be_Model_V6/3d/agv.dae", source: file:///C:/Program%20Files/AnyLogic%208.9%20Personal%20Learning%20Edition/plugins/com.anylogic.graphics3d_8.9.8.202602271015/static/init.js (13)
[0515/154247.263:INFO:CONSOLE(13)] "Loaded: file:C:/202444085_Assemble/simulation/To_Be_Model_V6/3d/agv.dae", source: file:///C:/Program%20Files/AnyLogic%208.9%20Personal%20Learning%20Edition/plugins/com.anylogic.graphics3d_8.9.8.202602271015/static/init.js (13)
[0515/154247.263:INFO:CONSOLE(13)] "ISRGB -10496 false", source: file:///C:/Program%20Files/AnyLogic%208.9%20Personal%20Learning%20Edition/plugins/com.anylogic.graphics3d_8.9.8.202602271015/static/init.js (13)
[0515/154247.467:INFO:CONSOLE(7)] "THREE.ColladaLoader: File version 1.4.0", source: file:///C:/Program%20Files/AnyLogic%208.9%20Personal%20Learning%20Edition/plugins/com.anylogic.graphics3d_8.9.8.202602271015/static/init.js (7)
[0515/154247.469:INFO:CONSOLE(13)] "Loaded: file:C:/202444085_Assemble/simulation/To_Be_Model_V6/3d/box_1_open.dae", source: file:///C:/Program%20Files/AnyLogic%208.9%20Personal%20Learning%20Edition/plugins/com.anylogic.graphics3d_8.9.8.202602271015/static/init.js (13)
[0515/154247.475:INFO:CONSOLE(13)] "Loaded: file:C:/202444085_Assemble/simulation/To_Be_Model_V6/3d/box_1_open.dae", source: file:///C:/Program%20Files/AnyLogic%208.9%20Personal%20Learning%20Edition/plugins/com.anylogic.graphics3d_8.9.8.202602271015/static/init.js (13)
[0515/154445.309:ERROR:gpu_init.cc(523)] Passthrough is not supported, GL is disabled, ANGLE is 
[0515/162412.552:INFO:CONSOLE(7)] "THREE.ColladaLoader: File version 1.4.0", source: file:///C:/Program%20Files/AnyLogic%208.9%20Personal%20Learning%20Edition/plugins/com.anylogic.graphics3d_8.9.8.202602271015/static/init.js (7)
[0515/162412.589:INFO:CONSOLE(13)] "Loaded: file:C:/202444085_Assemble/simulation/To_Be_Model_V6/3d/agv.dae", source: file:///C:/Program%20Files/AnyLogic%208.9%20Personal%20Learning%20Edition/plugins/com.anylogic.graphics3d_8.9.8.202602271015/static/init.js (13)
[0515/162412.596:INFO:CONSOLE(13)] "Loaded: file:C:/202444085_Assemble/simulation/To_Be_Model_V6/3d/agv.dae", source: file:///C:/Program%20Files/AnyLogic%208.9%20Personal%20Learning%20Edition/plugins/com.anylogic.graphics3d_8.9.8.202602271015/static/init.js (13)
[0515/162412.596:INFO:CONSOLE(13)] "ISRGB -10496 false", source: file:///C:/Program%20Files/AnyLogic%208.9%20Personal%20Learning%20Edition/plugins/com.anylogic.graphics3d_8.9.8.202602271015/static/init.js (13)
[0515/162412.792:INFO:CONSOLE(7)] "THREE.ColladaLoader: File version 1.4.0", source: file:///C:/Program%20Files/AnyLogic%208.9%20Personal%20Learning%20Edition/plugins/com.anylogic.graphics3d_8.9.8.202602271015/static/init.js (7)
[0515/162412.794:INFO:CONSOLE(13)] "Loaded: file:C:/202444085_Assemble/simulation/To_Be_Model_V6/3d/box_1_open.dae", source: file:///C:/Program%20Files/AnyLogic%208.9%20Personal%20Learning%20Edition/plugins/com.anylogic.graphics3d_8.9.8.202602271015/static/init.js (13)
[0515/162412.801:INFO:CONSOLE(13)] "Loaded: file:C:/202444085_Assemble/simulation/To_Be_Model_V6/3d/box_1_open.dae", source: file:///C:/Program%20Files/AnyLogic%208.9%20Personal%20Learning%20Edition/plugins/com.anylogic.graphics3d_8.9.8.202602271015/static/init.js (13)
[0515/162610.205:ERROR:gpu_init.cc(523)] Passthrough is not supported, GL is disabled, ANGLE is 
